<?xml version="1.0" encoding="UTF-8"?>
<testng-results skipped="0" failed="0" total="1" passed="1">
  <reporter-output>
  </reporter-output>
  <suite name="Default suite" duration-ms="23062" started-at="2016-12-10T16:24:12Z" finished-at="2016-12-10T16:24:35Z">
    <groups>
    </groups>
    <test name="Default test" duration-ms="23062" started-at="2016-12-10T16:24:12Z" finished-at="2016-12-10T16:24:35Z">
      <class name="Pack2.WaitforObjectFluentWait">
        <test-method status="PASS" signature="gmail()[pri:0, instance:Pack2.WaitforObjectFluentWait@b97c004]" name="gmail" duration-ms="23030" started-at="2016-12-10T21:54:12Z" finished-at="2016-12-10T21:54:35Z">
          <reporter-output>
          </reporter-output>
        </test-method> <!-- gmail -->
      </class> <!-- Pack2.WaitforObjectFluentWait -->
    </test> <!-- Default test -->
  </suite> <!-- Default suite -->
</testng-results>
